D:\CAMERACONTROL_X86\SPM_CAMERACONTROL\DEBUG\SPM_CAMERACONTROL.EXE
D:\CAMERACONTROL_X86\SPM_CAMERACONTROL\DEBUG\SPM_CAMERACONTROL.ILK
D:\CAMERACONTROL_X86\SPM_CAMERACONTROL\DEBUG\SPM_CAMERACONTROL.PDB
D:\CAMERACONTROL_X86\SPM_CAMERACONTROL\SPM_CAMERACONTROL\DEBUG\CAMERACONTROL.OBJ
D:\CAMERACONTROL_X86\SPM_CAMERACONTROL\SPM_CAMERACONTROL\DEBUG\SPM_CAMERACONTROL.EXE.EMBED.MANIFEST
D:\CAMERACONTROL_X86\SPM_CAMERACONTROL\SPM_CAMERACONTROL\DEBUG\SPM_CAMERACONTROL.EXE.EMBED.MANIFEST.RES
D:\CAMERACONTROL_X86\SPM_CAMERACONTROL\SPM_CAMERACONTROL\DEBUG\SPM_CAMERACONTROL.EXE.INTERMEDIATE.MANIFEST
D:\CAMERACONTROL_X86\SPM_CAMERACONTROL\SPM_CAMERACONTROL\DEBUG\SPM_CAMERACONTROL.OBJ
D:\CAMERACONTROL_X86\SPM_CAMERACONTROL\SPM_CAMERACONTROL\DEBUG\SPM_CAMERACONTROL.PCH
D:\CAMERACONTROL_X86\SPM_CAMERACONTROL\SPM_CAMERACONTROL\DEBUG\SPM_CAMERACONTROL.RES
D:\CAMERACONTROL_X86\SPM_CAMERACONTROL\SPM_CAMERACONTROL\DEBUG\SPM_CAMERACONTROLDLG.OBJ
D:\CAMERACONTROL_X86\SPM_CAMERACONTROL\SPM_CAMERACONTROL\DEBUG\STDAFX.OBJ
D:\CAMERACONTROL_X86\SPM_CAMERACONTROL\SPM_CAMERACONTROL\DEBUG\VC100.PDB
D:\CAMERACONTROL_X86\SPM_CAMERACONTROL\SPM_CAMERACONTROL\DEBUG\XCAMCTRL.OBJ
D:\X86资料\CAMERA控制\SPM_CAMERACONTROL\SPM_CAMERACONTROL\DEBUG\VC100.PDB
E:\CAMERACONTROL_X86\SPM_CAMERACONTROL\DEBUG\SPM_CAMERACONTROL.EXE
E:\CAMERACONTROL_X86\SPM_CAMERACONTROL\DEBUG\SPM_CAMERACONTROL.ILK
E:\CAMERACONTROL_X86\SPM_CAMERACONTROL\DEBUG\SPM_CAMERACONTROL.PDB
E:\CAMERACONTROL_X86\SPM_CAMERACONTROL\SPM_CAMERACONTROL\DEBUG\CAMERACONTROL.OBJ
E:\CameraControl_x86\SPM_CameraControl\SPM_CameraControl\Debug\cl.command.1.tlog
E:\CameraControl_x86\SPM_CameraControl\SPM_CameraControl\Debug\CL.read.1.tlog
E:\CameraControl_x86\SPM_CameraControl\SPM_CameraControl\Debug\CL.write.1.tlog
E:\CameraControl_x86\SPM_CameraControl\SPM_CameraControl\Debug\link.2944.read.1.tlog
E:\CameraControl_x86\SPM_CameraControl\SPM_CameraControl\Debug\link.2944.write.1.tlog
E:\CameraControl_x86\SPM_CameraControl\SPM_CameraControl\Debug\link.2944-cvtres.read.1.tlog
E:\CameraControl_x86\SPM_CameraControl\SPM_CameraControl\Debug\link.2944-cvtres.write.1.tlog
E:\CameraControl_x86\SPM_CameraControl\SPM_CameraControl\Debug\link.5012.read.1.tlog
E:\CameraControl_x86\SPM_CameraControl\SPM_CameraControl\Debug\link.5012.write.1.tlog
E:\CameraControl_x86\SPM_CameraControl\SPM_CameraControl\Debug\link.5012-cvtres.read.1.tlog
E:\CameraControl_x86\SPM_CameraControl\SPM_CameraControl\Debug\link.5012-cvtres.write.1.tlog
E:\CameraControl_x86\SPM_CameraControl\SPM_CameraControl\Debug\link.5148.read.1.tlog
E:\CameraControl_x86\SPM_CameraControl\SPM_CameraControl\Debug\link.5148.write.1.tlog
E:\CameraControl_x86\SPM_CameraControl\SPM_CameraControl\Debug\link.5148-cvtres.read.1.tlog
E:\CameraControl_x86\SPM_CameraControl\SPM_CameraControl\Debug\link.5148-cvtres.write.1.tlog
E:\CameraControl_x86\SPM_CameraControl\SPM_CameraControl\Debug\link.5696.read.1.tlog
E:\CameraControl_x86\SPM_CameraControl\SPM_CameraControl\Debug\link.5696.write.1.tlog
E:\CameraControl_x86\SPM_CameraControl\SPM_CameraControl\Debug\link.5696-cvtres.read.1.tlog
E:\CameraControl_x86\SPM_CameraControl\SPM_CameraControl\Debug\link.5696-cvtres.write.1.tlog
E:\CameraControl_x86\SPM_CameraControl\SPM_CameraControl\Debug\link.5896.read.1.tlog
E:\CameraControl_x86\SPM_CameraControl\SPM_CameraControl\Debug\link.5896.write.1.tlog
E:\CameraControl_x86\SPM_CameraControl\SPM_CameraControl\Debug\link.5896-cvtres.read.1.tlog
E:\CameraControl_x86\SPM_CameraControl\SPM_CameraControl\Debug\link.5896-cvtres.write.1.tlog
E:\CameraControl_x86\SPM_CameraControl\SPM_CameraControl\Debug\link.6112.read.1.tlog
E:\CameraControl_x86\SPM_CameraControl\SPM_CameraControl\Debug\link.6112.write.1.tlog
E:\CameraControl_x86\SPM_CameraControl\SPM_CameraControl\Debug\link.6112-cvtres.read.1.tlog
E:\CameraControl_x86\SPM_CameraControl\SPM_CameraControl\Debug\link.6112-cvtres.write.1.tlog
E:\CameraControl_x86\SPM_CameraControl\SPM_CameraControl\Debug\link.6148.read.1.tlog
E:\CameraControl_x86\SPM_CameraControl\SPM_CameraControl\Debug\link.6148.write.1.tlog
E:\CameraControl_x86\SPM_CameraControl\SPM_CameraControl\Debug\link.6148-cvtres.read.1.tlog
E:\CameraControl_x86\SPM_CameraControl\SPM_CameraControl\Debug\link.6148-cvtres.write.1.tlog
E:\CameraControl_x86\SPM_CameraControl\SPM_CameraControl\Debug\link.7160.read.1.tlog
E:\CameraControl_x86\SPM_CameraControl\SPM_CameraControl\Debug\link.7160.write.1.tlog
E:\CameraControl_x86\SPM_CameraControl\SPM_CameraControl\Debug\link.7160-cvtres.read.1.tlog
E:\CameraControl_x86\SPM_CameraControl\SPM_CameraControl\Debug\link.7160-cvtres.write.1.tlog
E:\CameraControl_x86\SPM_CameraControl\SPM_CameraControl\Debug\link.command.1.tlog
E:\CameraControl_x86\SPM_CameraControl\SPM_CameraControl\Debug\link.read.1.tlog
E:\CameraControl_x86\SPM_CameraControl\SPM_CameraControl\Debug\link.write.1.tlog
E:\CameraControl_x86\SPM_CameraControl\SPM_CameraControl\Debug\link-cvtres.read.1.tlog
E:\CameraControl_x86\SPM_CameraControl\SPM_CameraControl\Debug\link-cvtres.write.1.tlog
E:\CameraControl_x86\SPM_CameraControl\SPM_CameraControl\Debug\mt.command.1.tlog
E:\CameraControl_x86\SPM_CameraControl\SPM_CameraControl\Debug\mt.read.1.tlog
E:\CameraControl_x86\SPM_CameraControl\SPM_CameraControl\Debug\mt.write.1.tlog
E:\CameraControl_x86\SPM_CameraControl\SPM_CameraControl\Debug\rc.command.1.tlog
E:\CameraControl_x86\SPM_CameraControl\SPM_CameraControl\Debug\rc.read.1.tlog
E:\CameraControl_x86\SPM_CameraControl\SPM_CameraControl\Debug\rc.write.1.tlog
E:\CameraControl_x86\SPM_CameraControl\SPM_CameraControl\Debug\SPM_CameraControl.exe.embed.manifest
E:\CAMERACONTROL_X86\SPM_CAMERACONTROL\SPM_CAMERACONTROL\DEBUG\SPM_CAMERACONTROL.EXE.EMBED.MANIFEST.RES
E:\CAMERACONTROL_X86\SPM_CAMERACONTROL\SPM_CAMERACONTROL\DEBUG\SPM_CAMERACONTROL.EXE.INTERMEDIATE.MANIFEST
E:\CAMERACONTROL_X86\SPM_CAMERACONTROL\SPM_CAMERACONTROL\DEBUG\SPM_CAMERACONTROL.OBJ
E:\CAMERACONTROL_X86\SPM_CAMERACONTROL\SPM_CAMERACONTROL\DEBUG\SPM_CAMERACONTROL.PCH
E:\CAMERACONTROL_X86\SPM_CAMERACONTROL\SPM_CAMERACONTROL\DEBUG\SPM_CAMERACONTROL.RES
E:\CameraControl_x86\SPM_CameraControl\SPM_CameraControl\Debug\SPM_CameraControl.vcxprojResolveAssemblyReference.cache
E:\CameraControl_x86\SPM_CameraControl\SPM_CameraControl\Debug\SPM_CameraControl.write.1.tlog
E:\CameraControl_x86\SPM_CameraControl\SPM_CameraControl\Debug\SPM_CameraControl_manifest.rc
E:\CAMERACONTROL_X86\SPM_CAMERACONTROL\SPM_CAMERACONTROL\DEBUG\SPM_CAMERACONTROLDLG.OBJ
E:\CAMERACONTROL_X86\SPM_CAMERACONTROL\SPM_CAMERACONTROL\DEBUG\STDAFX.OBJ
E:\CameraControl_x86\SPM_CameraControl\SPM_CameraControl\Debug\vc100.idb
E:\CAMERACONTROL_X86\SPM_CAMERACONTROL\SPM_CAMERACONTROL\DEBUG\VC100.PDB
E:\CAMERACONTROL_X86\SPM_CAMERACONTROL\SPM_CAMERACONTROL\DEBUG\XCAMCTRL.OBJ
