生成启动时间为 2019/12/11 15:51:43。
     1>项目“D:\CameraControl_x86\SPM_CameraControl\SPM_CameraControl\SPM_CameraControl.vcxproj”在节点 2 上(build 个目标)。
       项目文件包含 ToolsVersion="10.0"。此工具集可能未知或缺失。在这种情况下，通过安装 MSBuild 的正确版本，或许可以解决此问题。否则，该 build 可能已因策略原因而被强制为某个特定 ToolsVersion。将该项目视为其已具有 ToolsVersion="4.0"。有关详细信息，请参阅 http://go.microsoft.com/fwlink/?LinkId=291333。
     1>InitializeBuildStatus:
         正在创建“Debug\SPM_CameraControl.unsuccessfulbuild”，因为已指定“AlwaysCreate”。
       ClCompile:
         所有输出均为最新。
         C:\Program Files (x86)\Microsoft Visual Studio 10.0\VC\bin\CL.exe /c /I../ros_lib /ZI /nologo /W3 /WX- /Od /Oy- /D WIN32 /D _WINDOWS /D _DEBUG /D _UNICODE /D UNICODE /D _AFXDLL /Gm /EHsc /RTC1 /MDd /GS /fp:precise /Zc:wchar_t /Zc:forScope /Yu"StdAfx.h" /Fp"Debug\SPM_CameraControl.pch" /Fo"Debug\\" /Fd"Debug\vc100.pdb" /Gd /TP /analyze- /errorReport:prompt SPM_CameraControlDlg.cpp
         SPM_CameraControlDlg.cpp
         所有输出均为最新。
       ResourceCompile:
         所有输出均为最新。
       Link:
         C:\Program Files (x86)\Microsoft Visual Studio 10.0\VC\bin\link.exe /ERRORREPORT:PROMPT /OUT:"D:\CameraControl_x86\SPM_CameraControl\Debug\SPM_CameraControl.exe" /INCREMENTAL:NO /NOLOGO /MANIFEST /ManifestFile:"Debug\SPM_CameraControl.exe.intermediate.manifest" /MANIFESTUAC:"level='asInvoker' uiAccess='false'" /DEBUG /PDB:"D:\CameraControl_x86\SPM_CameraControl\Debug\SPM_CameraControl.pdb" /SUBSYSTEM:WINDOWS /TLBID:1 /ENTRY:"wWinMainCRTStartup" /DYNAMICBASE /NXCOMPAT /IMPLIB:"D:\CameraControl_x86\SPM_CameraControl\Debug\SPM_CameraControl.lib" /MACHINE:X86 Debug\SPM_CameraControl.res
         Debug\CameraControlDlg.obj
         Debug\duration.obj
         Debug\SPM_CameraControl.obj
         Debug\SPM_CameraControlDlg.obj
         Debug\stdafx.obj
         Debug\time.obj
         Debug\WindowsSocket.obj
     1>CameraControlDlg.obj : warning LNK4075: 忽略“/EDITANDCONTINUE”(由于“/INCREMENTAL:NO”规范)
         SPM_CameraControl.vcxproj -> D:\CameraControl_x86\SPM_CameraControl\Debug\SPM_CameraControl.exe
       Manifest:
         C:\Program Files (x86)\Microsoft SDKs\Windows\v7.0A\bin\mt.exe /nologo /verbose /outputresource:"D:\CameraControl_x86\SPM_CameraControl\Debug\SPM_CameraControl.exe;#1" /manifest Debug\SPM_CameraControl.exe.intermediate.manifest "C:\Program Files (x86)\Microsoft Visual Studio 10.0\VC\Include\Manifest\dpiaware.manifest"
       FinalizeBuildStatus:
         正在删除文件“Debug\SPM_CameraControl.unsuccessfulbuild”。
         正在对“Debug\SPM_CameraControl.lastbuildstate”执行 Touch 任务。
     1>已完成生成项目“D:\CameraControl_x86\SPM_CameraControl\SPM_CameraControl\SPM_CameraControl.vcxproj”(build 个目标)的操作。

生成成功。

已用时间 00:00:02.53
